<?xml version="1.0" encoding="UTF-8"?>
<testsuite name="pruebas" tests="1" skipped="0" failures="0" errors="0" timestamp="2022-07-24T22:47:34" hostname="LAPTOP-R3BBGDJN" time="1.672">
  <properties/>
  <testcase name="create()" classname="pruebas" time="1.672"/>
  <system-out><![CDATA[Request method:	POST
Request URI:	https://reqres.in/api/users
Proxy:			<none>
Request params:	<none>
Query params:	<none>
Form params:	<none>
Path params:	<none>
Headers:		Accept=*/*
				Content-Type=application/json
Cookies:		<none>
Multiparts:		<none>
Body:
{
    "name": "morpheus",
    "job": "leader"
}
HTTP/1.1 201 Created
Date: Sun, 24 Jul 2022 22:47:35 GMT
Content-Type: application/json; charset=utf-8
Content-Length: 84
Connection: keep-alive
X-Powered-By: Express
Access-Control-Allow-Origin: *
Etag: W/"54-92qDm3aJTw8vVHK4jy0wOaWM1n4"
Via: 1.1 vegur
CF-Cache-Status: DYNAMIC
Expect-CT: max-age=604800, report-uri="https://report-uri.cloudflare.com/cdn-cgi/beacon/expect-ct"
Report-To: {"endpoints":[{"url":"https:\/\/a.nel.cloudflare.com\/report\/v3?s=lKVmA9c1CgPoIPzmnj9yQG3Ezz%2F24Sn1uvIeSNM28xPjqY0HIsDkyKrbztsAxeXc9jV9IijoLAStQubYklApid9EtfAk1gBCefvwHrUGIlYkkIB3yDF2tK%2Fexg%3D%3D"}],"group":"cf-nel","max_age":604800}
NEL: {"success_fraction":0,"report_to":"cf-nel","max_age":604800}
Server: cloudflare
CF-RAY: 730032cd09fb2227-MIA

{
    "name": "morpheus",
    "job": "leader",
    "id": "996",
    "createdAt": "2022-07-24T22:47:35.405Z"
}
]]></system-out>
  <system-err><![CDATA[]]></system-err>
</testsuite>
