<?xml version="1.0" encoding="UTF-8"?>
<testsuite name="KeilynEditar" tests="1" skipped="0" failures="0" errors="0" timestamp="2022-07-22T01:30:29" hostname="LAPTOP-NO1UGC6M" time="3.752">
  <properties/>
  <testcase name="EditTest()" classname="KeilynEditar" time="3.752"/>
  <system-out><![CDATA[{"name":"morpheus","job":"zion resident","updatedAt":"2022-07-22T01:30:30.769Z"}
]]></system-out>
  <system-err><![CDATA[]]></system-err>
</testsuite>
