<?xml version="1.0" encoding="UTF-8"?>
<testsuite name="pruebas" tests="1" skipped="0" failures="0" errors="0" timestamp="2022-07-20T03:21:09" hostname="DESKTOP-AQ7QSBL" time="2.811">
  <properties/>
  <testcase name="loginTest()" classname="pruebas" time="2.811"/>
  <system-out><![CDATA[Request method:	POST
Request URI:	https://reqres.in/api/login
Proxy:			<none>
Request params:	<none>
Query params:	<none>
Form params:	<none>
Path params:	<none>
Headers:		Accept=*/*
				Content-Type=application/json
Cookies:		<none>
Multiparts:		<none>
Body:
{
    "email": "eve.holt@reqres.in",
    "password": "cityslicka"
}
HTTP/1.1 200 OK
Date: Wed, 20 Jul 2022 03:21:11 GMT
Content-Type: application/json; charset=utf-8
Content-Length: 29
Connection: keep-alive
X-Powered-By: Express
Access-Control-Allow-Origin: *
Etag: W/"1d-lGCrvD6B7Qzk11+2C98+nGhhuec"
Via: 1.1 vegur
CF-Cache-Status: DYNAMIC
Expect-CT: max-age=604800, report-uri="https://report-uri.cloudflare.com/cdn-cgi/beacon/expect-ct"
Report-To: {"endpoints":[{"url":"https:\/\/a.nel.cloudflare.com\/report\/v3?s=W4sPpCFel7mMRNgKHRQQWqCIfFQYIivXQHKDhPjfQu489HUrr0Uu4tyPPGkL840wKzKSwaRRrGLAejCIL5EQyJcx239vX0lwSFbYCJjaQKI21%2BEwiqhwaqYBVA%3D%3D"}],"group":"cf-nel","max_age":604800}
NEL: {"success_fraction":0,"report_to":"cf-nel","max_age":604800}
Server: cloudflare
CF-RAY: 72d890b75ada222d-MIA

{
    "token": "QpwL5tke4Pnpja7X4"
}
]]></system-out>
  <system-err><![CDATA[]]></system-err>
</testsuite>
